#
# There is insufficient memory for the Java Runtime Environment to continue.
# Native memory allocation (malloc) failed to allocate 1113216 bytes for Chunk::new
# Possible reasons:
#   The system is out of physical RAM or swap space
#   In 32 bit mode, the process size limit was hit
# Possible solutions:
#   Reduce memory load on the system
#   Increase physical memory or swap space
#   Check if swap backing store is full
#   Use 64 bit Java on a 64 bit OS
#   Decrease Java heap size (-Xmx/-Xms)
#   Decrease number of Java threads
#   Decrease Java thread stack sizes (-Xss)
#   Set larger code cache with -XX:ReservedCodeCacheSize=
# This output file may be truncated or incomplete.
#
#  Out of Memory Error (allocation.cpp:390), pid=11700, tid=11640
#
# JRE version: Java(TM) SE Runtime Environment (8.0_40-b25) (build 1.8.0_40-b25)
# Java VM: Java HotSpot(TM) 64-Bit Server VM (25.40-b25 mixed mode windows-amd64 compressed oops)
# Failed to write core dump. Minidumps are not enabled by default on client versions of Windows
#

---------------  T H R E A D  ---------------

Current thread (0x0000000056694800):  JavaThread "C2 CompilerThread1" daemon [_thread_in_native, id=11640, stack(0x0000000056ea0000,0x0000000056fa0000)]

Stack: [0x0000000056ea0000,0x0000000056fa0000]
Native frames: (J=compiled Java code, j=interpreted, Vv=VM code, C=native code)
V  [jvm.dll+0x32b47a]


Current CompileTask:
C2:  76472 1695       4       genetics1.SpeciesFactoary::overlapOne (659 bytes)


---------------  P R O C E S S  ---------------

Java Threads: ( => current thread )
  0x00000000569fa800 JavaThread "TimerQueue" daemon [_thread_blocked, id=10632, stack(0x00000000595a0000,0x00000000596a0000)]
  0x00000000003fe000 JavaThread "DestroyJavaVM" [_thread_blocked, id=11164, stack(0x00000000026c0000,0x00000000027c0000)]
  0x000000005743c800 JavaThread "AWT-EventQueue-0" [_thread_in_Java, id=11500, stack(0x00000000584e0000,0x00000000585e0000)]
  0x0000000057438800 JavaThread "AWT-Windows" daemon [_thread_in_native, id=19752, stack(0x0000000057fb0000,0x00000000580b0000)]
  0x0000000057438000 JavaThread "AWT-Shutdown" [_thread_blocked, id=8660, stack(0x0000000057c30000,0x0000000057d30000)]
  0x0000000056a38000 JavaThread "Java2D Disposer" daemon [_thread_blocked, id=11444, stack(0x0000000057d70000,0x0000000057e70000)]
  0x000000005670e800 JavaThread "Service Thread" daemon [_thread_blocked, id=10860, stack(0x00000000572f0000,0x00000000573f0000)]
  0x000000005669d800 JavaThread "C1 CompilerThread2" daemon [_thread_blocked, id=8216, stack(0x0000000057040000,0x0000000057140000)]
=>0x0000000056694800 JavaThread "C2 CompilerThread1" daemon [_thread_in_native, id=11640, stack(0x0000000056ea0000,0x0000000056fa0000)]
  0x000000005668f000 JavaThread "C2 CompilerThread0" daemon [_thread_blocked, id=14860, stack(0x0000000056260000,0x0000000056360000)]
  0x000000005668b800 JavaThread "Attach Listener" daemon [_thread_blocked, id=12216, stack(0x0000000056c70000,0x0000000056d70000)]
  0x000000005668a800 JavaThread "Signal Dispatcher" daemon [_thread_blocked, id=12816, stack(0x0000000056b30000,0x0000000056c30000)]
  0x0000000054ff7000 JavaThread "Finalizer" daemon [_thread_blocked, id=6484, stack(0x0000000056580000,0x0000000056680000)]
  0x0000000054ff0000 JavaThread "Reference Handler" daemon [_thread_blocked, id=11492, stack(0x0000000056420000,0x0000000056520000)]

Other Threads:
  0x0000000054fea800 VMThread [stack: 0x0000000056130000,0x0000000056230000] [id=13412]
  0x0000000056717000 WatcherThread [stack: 0x0000000057190000,0x0000000057290000] [id=11804]

VM state:not at safepoint (normal execution)

VM Mutex/Monitor currently owned by a thread: None

Heap:
 PSYoungGen      total 45568K, used 29308K [0x00000000eb180000, 0x00000000ee080000, 0x0000000100000000)
  eden space 43008K, 67% used [0x00000000eb180000,0x00000000ece0f128,0x00000000edb80000)
  from space 2560K, 2% used [0x00000000edb80000,0x00000000edb90000,0x00000000ede00000)
  to   space 2560K, 0% used [0x00000000ede00000,0x00000000ede00000,0x00000000ee080000)
 ParOldGen       total 44032K, used 9853K [0x00000000c1400000, 0x00000000c3f00000, 0x00000000eb180000)
  object space 44032K, 22% used [0x00000000c1400000,0x00000000c1d9f558,0x00000000c3f00000)
 Metaspace       used 11743K, capacity 11918K, committed 12032K, reserved 1060864K
  class space    used 1400K, capacity 1479K, committed 1536K, reserved 1048576K

Card table byte_map: [0x0000000011b80000,0x0000000011d80000] byte_map_base: 0x0000000011576000

Marking Bits: (ParMarkBitMap*) 0x00000000641c4040
 Begin Bits: [0x0000000012500000, 0x00000000134b0000)
 End Bits:   [0x00000000134b0000, 0x0000000014460000)

Polling page: 0x0000000000330000

CodeCache: size=245760Kb used=5620Kb max_used=5766Kb free=240139Kb
 bounds [0x00000000027c0000, 0x0000000002d70000, 0x00000000117c0000]
 total_blobs=2143 nmethods=1645 adapters=411
 compilation: enabled

Compilation events (10 events):
Event: 76.034 Thread 0x000000005668f000 nmethod 1690 0x0000000002d5ac90 code [0x0000000002d5ade0, 0x0000000002d5b178]
Event: 76.063 Thread 0x0000000056694800 1691       4       java.math.BigDecimal::longCompareMagnitude (40 bytes)
Event: 76.064 Thread 0x0000000056694800 nmethod 1691 0x0000000002d45390 code [0x0000000002d454c0, 0x0000000002d45598]
Event: 76.079 Thread 0x000000005668f000 1692       4       java.util.ArrayList::remove (69 bytes)
Event: 76.083 Thread 0x000000005668f000 nmethod 1692 0x0000000002d4b510 code [0x0000000002d4b660, 0x0000000002d4b7f8]
Event: 76.228 Thread 0x0000000056694800 1693       4       java.math.BigInteger::<init> (38 bytes)
Event: 76.229 Thread 0x0000000056694800 nmethod 1693 0x0000000002d5b410 code [0x0000000002d5b540, 0x0000000002d5b5f8]
Event: 76.256 Thread 0x000000005668f000 1694       4       sun.misc.FDBigInteger::rightInplaceSub (351 bytes)
Event: 76.263 Thread 0x000000005668f000 nmethod 1694 0x00000000028cf9d0 code [0x00000000028cfb20, 0x00000000028cff18]
Event: 76.292 Thread 0x0000000056694800 1695       4       genetics1.SpeciesFactoary::overlapOne (659 bytes)

GC Heap History (10 events):
Event: 76.066 GC heap before
{Heap before GC invocations=28 (full 0):
 PSYoungGen      total 35328K, used 32896K [0x00000000eb180000, 0x00000000ed680000, 0x0000000100000000)
  eden space 32768K, 100% used [0x00000000eb180000,0x00000000ed180000,0x00000000ed180000)
  from space 2560K, 5% used [0x00000000ed180000,0x00000000ed1a0000,0x00000000ed400000)
  to   space 2560K, 0% used [0x00000000ed400000,0x00000000ed400000,0x00000000ed680000)
 ParOldGen       total 44032K, used 9397K [0x00000000c1400000, 0x00000000c3f00000, 0x00000000eb180000)
  object space 44032K, 21% used [0x00000000c1400000,0x00000000c1d2d558,0x00000000c3f00000)
 Metaspace       used 11743K, capacity 11918K, committed 12032K, reserved 1060864K
  class space    used 1400K, capacity 1479K, committed 1536K, reserved 1048576K
Event: 76.067 GC heap after
Heap after GC invocations=28 (full 0):
 PSYoungGen      total 35328K, used 96K [0x00000000eb180000, 0x00000000ed680000, 0x0000000100000000)
  eden space 32768K, 0% used [0x00000000eb180000,0x00000000eb180000,0x00000000ed180000)
  from space 2560K, 3% used [0x00000000ed400000,0x00000000ed418000,0x00000000ed680000)
  to   space 2560K, 0% used [0x00000000ed180000,0x00000000ed180000,0x00000000ed400000)
 ParOldGen       total 44032K, used 9509K [0x00000000c1400000, 0x00000000c3f00000, 0x00000000eb180000)
  object space 44032K, 21% used [0x00000000c1400000,0x00000000c1d49558,0x00000000c3f00000)
 Metaspace       used 11743K, capacity 11918K, committed 12032K, reserved 1060864K
  class space    used 1400K, capacity 1479K, committed 1536K, reserved 1048576K
}
Event: 76.127 GC heap before
{Heap before GC invocations=29 (full 0):
 PSYoungGen      total 35328K, used 32864K [0x00000000eb180000, 0x00000000ed680000, 0x0000000100000000)
  eden space 32768K, 100% used [0x00000000eb180000,0x00000000ed180000,0x00000000ed180000)
  from space 2560K, 3% used [0x00000000ed400000,0x00000000ed418000,0x00000000ed680000)
  to   space 2560K, 0% used [0x00000000ed180000,0x00000000ed180000,0x00000000ed400000)
 ParOldGen       total 44032K, used 9509K [0x00000000c1400000, 0x00000000c3f00000, 0x00000000eb180000)
  object space 44032K, 21% used [0x00000000c1400000,0x00000000c1d49558,0x00000000c3f00000)
 Metaspace       used 11743K, capacity 11918K, committed 12032K, reserved 1060864K
  class space    used 1400K, capacity 1479K, committed 1536K, reserved 1048576K
Event: 76.128 GC heap after
Heap after GC invocations=29 (full 0):
 PSYoungGen      total 35328K, used 160K [0x00000000eb180000, 0x00000000ed680000, 0x0000000100000000)
  eden space 32768K, 0% used [0x00000000eb180000,0x00000000eb180000,0x00000000ed180000)
  from space 2560K, 6% used [0x00000000ed180000,0x00000000ed1a8000,0x00000000ed400000)
  to   space 2560K, 0% used [0x00000000ed400000,0x00000000ed400000,0x00000000ed680000)
 ParOldGen       total 44032K, used 9525K [0x00000000c1400000, 0x00000000c3f00000, 0x00000000eb180000)
  object space 44032K, 21% used [0x00000000c1400000,0x00000000c1d4d558,0x00000000c3f00000)
 Metaspace       used 11743K, capacity 11918K, committed 12032K, reserved 1060864K
  class space    used 1400K, capacity 1479K, committed 1536K, reserved 1048576K
}
Event: 76.183 GC heap before
{Heap before GC invocations=30 (full 0):
 PSYoungGen      total 35328K, used 32928K [0x00000000eb180000, 0x00000000ed680000, 0x0000000100000000)
  eden space 32768K, 100% used [0x00000000eb180000,0x00000000ed180000,0x00000000ed180000)
  from space 2560K, 6% used [0x00000000ed180000,0x00000000ed1a8000,0x00000000ed400000)
  to   space 2560K, 0% used [0x00000000ed400000,0x00000000ed400000,0x00000000ed680000)
 ParOldGen       total 44032K, used 9525K [0x00000000c1400000, 0x00000000c3f00000, 0x00000000eb180000)
  object space 44032K, 21% used [0x00000000c1400000,0x00000000c1d4d558,0x00000000c3f00000)
 Metaspace       used 11743K, capacity 11918K, committed 12032K, reserved 1060864K
  class space    used 1400K, capacity 1479K, committed 1536K, reserved 1048576K
Event: 76.184 GC heap after
Heap after GC invocations=30 (full 0):
 PSYoungGen      total 35328K, used 64K [0x00000000eb180000, 0x00000000ee080000, 0x0000000100000000)
  eden space 32768K, 0% used [0x00000000eb180000,0x00000000eb180000,0x00000000ed180000)
  from space 2560K, 2% used [0x00000000ed400000,0x00000000ed410000,0x00000000ed680000)
  to   space 2560K, 0% used [0x00000000ed180000,0x00000000ed180000,0x00000000ed400000)
 ParOldGen       total 44032K, used 9629K [0x00000000c1400000, 0x00000000c3f00000, 0x00000000eb180000)
  object space 44032K, 21% used [0x00000000c1400000,0x00000000c1d67558,0x00000000c3f00000)
 Metaspace       used 11743K, capacity 11918K, committed 12032K, reserved 1060864K
  class space    used 1400K, capacity 1479K, committed 1536K, reserved 1048576K
}
Event: 76.233 GC heap before
{Heap before GC invocations=31 (full 0):
 PSYoungGen      total 35328K, used 32832K [0x00000000eb180000, 0x00000000ee080000, 0x0000000100000000)
  eden space 32768K, 100% used [0x00000000eb180000,0x00000000ed180000,0x00000000ed180000)
  from space 2560K, 2% used [0x00000000ed400000,0x00000000ed410000,0x00000000ed680000)
  to   space 2560K, 0% used [0x00000000ed180000,0x00000000ed180000,0x00000000ed400000)
 ParOldGen       total 44032K, used 9629K [0x00000000c1400000, 0x00000000c3f00000, 0x00000000eb180000)
  object space 44032K, 21% used [0x00000000c1400000,0x00000000c1d67558,0x00000000c3f00000)
 Metaspace       used 11743K, capacity 11918K, committed 12032K, reserved 1060864K
  class space    used 1400K, capacity 1479K, committed 1536K, reserved 1048576K
Event: 76.234 GC heap after
Heap after GC invocations=31 (full 0):
 PSYoungGen      total 35328K, used 160K [0x00000000eb180000, 0x00000000ee080000, 0x0000000100000000)
  eden space 32768K, 0% used [0x00000000eb180000,0x00000000eb180000,0x00000000ed180000)
  from space 2560K, 6% used [0x00000000ed180000,0x00000000ed1a8000,0x00000000ed400000)
  to   space 2560K, 0% used [0x00000000ede00000,0x00000000ede00000,0x00000000ee080000)
 ParOldGen       total 44032K, used 9637K [0x00000000c1400000, 0x00000000c3f00000, 0x00000000eb180000)
  object space 44032K, 21% used [0x00000000c1400000,0x00000000c1d69558,0x00000000c3f00000)
 Metaspace       used 11743K, capacity 11918K, committed 12032K, reserved 1060864K
  class space    used 1400K, capacity 1479K, committed 1536K, reserved 1048576K
}
Event: 76.299 GC heap before
{Heap before GC invocations=32 (full 0):
 PSYoungGen      total 35328K, used 32928K [0x00000000eb180000, 0x00000000ee080000, 0x0000000100000000)
  eden space 32768K, 100% used [0x00000000eb180000,0x00000000ed180000,0x00000000ed180000)
  from space 2560K, 6% used [0x00000000ed180000,0x00000000ed1a8000,0x00000000ed400000)
  to   space 2560K, 0% used [0x00000000ede00000,0x00000000ede00000,0x00000000ee080000)
 ParOldGen       total 44032K, used 9637K [0x00000000c1400000, 0x00000000c3f00000, 0x00000000eb180000)
  object space 44032K, 21% used [0x00000000c1400000,0x00000000c1d69558,0x00000000c3f00000)
 Metaspace       used 11743K, capacity 11918K, committed 12032K, reserved 1060864K
  class space    used 1400K, capacity 1479K, committed 1536K, reserved 1048576K
Event: 76.300 GC heap after
Heap after GC invocations=32 (full 0):
 PSYoungGen      total 45568K, used 160K [0x00000000eb180000, 0x00000000ee080000, 0x0000000100000000)
  eden space 43008K, 0% used [0x00000000eb180000,0x00000000eb180000,0x00000000edb80000)
  from space 2560K, 6% used [0x00000000ede00000,0x00000000ede28000,0x00000000ee080000)
  to   space 2560K, 0% used [0x00000000edb80000,0x00000000edb80000,0x00000000ede00000)
 ParOldGen       total 44032K, used 9749K [0x00000000c1400000, 0x00000000c3f00000, 0x00000000eb180000)
  object space 44032K, 22% used [0x00000000c1400000,0x00000000c1d85558,0x00000000c3f00000)
 Metaspace       used 11743K, capacity 11918K, committed 12032K, reserved 1060864K
  class space    used 1400K, capacity 1479K, committed 1536K, reserved 1048576K
}

Deoptimization events (10 events):
Event: 74.048 Thread 0x000000005743c800 Uncommon trap: reason=unstable_if action=reinterpret pc=0x0000000002c7bf20 method=sun.misc.FloatingDecimal$BinaryToASCIIBuffer.getChars([C)I @ 150
Event: 74.048 Thread 0x000000005743c800 Uncommon trap: reason=unstable_if action=reinterpret pc=0x0000000002c75e38 method=sun.misc.FloatingDecimal.getBinaryToASCIIConverter(DZ)Lsun/misc/FloatingDecimal$BinaryToASCIIConverter; @ 76
Event: 74.048 Thread 0x000000005743c800 Uncommon trap: reason=unstable_if action=reinterpret pc=0x0000000002c72c1c method=sun.misc.FloatingDecimal$BinaryToASCIIBuffer.dtoa(IJIZ)V @ 824
Event: 74.256 Thread 0x000000005743c800 Uncommon trap: reason=unstable_if action=reinterpret pc=0x0000000002ca63dc method=sun.misc.FloatingDecimal$BinaryToASCIIBuffer.dtoa(IJIZ)V @ 88
Event: 74.257 Thread 0x000000005743c800 Uncommon trap: reason=unstable_if action=reinterpret pc=0x0000000002c81c50 method=sun.misc.FloatingDecimal$ASCIIToBinaryBuffer.doubleValue()D @ 503
Event: 74.257 Thread 0x000000005743c800 Uncommon trap: reason=unstable_if action=reinterpret pc=0x0000000002c6671c method=java.math.BigDecimal.<init>([CIILjava/math/MathContext;)V @ 84
Event: 74.257 Thread 0x000000005743c800 Uncommon trap: reason=unstable_if action=reinterpret pc=0x0000000002cb7d00 method=java.math.BigDecimal.add(JIJI)Ljava/math/BigDecimal; @ 133
Event: 74.257 Thread 0x000000005743c800 Uncommon trap: reason=unstable_if action=reinterpret pc=0x0000000002c98ee8 method=java.math.BigDecimal.doubleValue()D @ 8
Event: 74.257 Thread 0x000000005743c800 Uncommon trap: reason=unstable_if action=reinterpret pc=0x0000000002c79b30 method=sun.misc.FloatingDecimal.readJavaFormatString(Ljava/lang/String;)Lsun/misc/FloatingDecimal$ASCIIToBinaryConverter; @ 169
Event: 74.268 Thread 0x000000005743c800 Uncommon trap: reason=unstable_if action=reinterpret pc=0x0000000002cab014 method=java.math.BigDecimal.add(JIJI)Ljava/math/BigDecimal; @ 133

Internal exceptions (10 events):
Event: 6.702 Thread 0x00000000003fe000 Exception <a 'java/io/FileNotFoundException'> (0x00000000eb323f90) thrown at [D:\re\workspace\8-2-build-windows-amd64-cygwin\jdk8u40\2855\hotspot\src\share\vm\prims\jni.cpp, line 709]
Event: 7.287 Thread 0x00000000003fe000 Exception <a 'java/lang/NoSuchFieldError': method resolution failed> (0x00000000eb40b0e0) thrown at [D:\re\workspace\8-2-build-windows-amd64-cygwin\jdk8u40\2855\hotspot\src\share\vm\prims\methodHandles.cpp, line 1125]
Event: 7.290 Thread 0x00000000003fe000 Exception <a 'java/lang/NoSuchFieldError': method resolution failed> (0x00000000eb419f38) thrown at [D:\re\workspace\8-2-build-windows-amd64-cygwin\jdk8u40\2855\hotspot\src\share\vm\prims\methodHandles.cpp, line 1125]
Event: 7.641 Thread 0x000000005743c800 Exception <a 'java/io/FileNotFoundException'> (0x00000000eb51c0e8) thrown at [D:\re\workspace\8-2-build-windows-amd64-cygwin\jdk8u40\2855\hotspot\src\share\vm\prims\jni.cpp, line 709]
Event: 8.978 Thread 0x000000005743c800 Exception <a 'java/io/FileNotFoundException'> (0x00000000eb69d7d8) thrown at [D:\re\workspace\8-2-build-windows-amd64-cygwin\jdk8u40\2855\hotspot\src\share\vm\prims\jni.cpp, line 709]
Event: 8.978 Thread 0x000000005743c800 Exception <a 'java/lang/NullPointerException'> (0x00000000eb69dd60) thrown at [D:\re\workspace\8-2-build-windows-amd64-cygwin\jdk8u40\2855\hotspot\src\share\vm\interpreter\linkResolver.cpp, line 1178]
Event: 10.567 Thread 0x000000005743c800 Exception <a 'java/lang/NoSuchMethodError': <clinit>> (0x00000000eb6d1210) thrown at [D:\re\workspace\8-2-build-windows-amd64-cygwin\jdk8u40\2855\hotspot\src\share\vm\prims\jni.cpp, line 1598]
Event: 73.397 Thread 0x000000005743c800 Exception <a 'java/lang/NoSuchMethodError': <clinit>> (0x00000000eb80fae0) thrown at [D:\re\workspace\8-2-build-windows-amd64-cygwin\jdk8u40\2855\hotspot\src\share\vm\prims\jni.cpp, line 1598]
Event: 73.397 Thread 0x000000005743c800 Exception <a 'java/lang/NoSuchMethodError': <clinit>> (0x00000000eb810370) thrown at [D:\re\workspace\8-2-build-windows-amd64-cygwin\jdk8u40\2855\hotspot\src\share\vm\prims\jni.cpp, line 1598]
Event: 73.703 Thread 0x000000005743c800 Implicit null exception at 0x0000000002b309fc to 0x0000000002b30a71

Events (10 events):
Event: 76.229 Thread 0x0000000056694800 flushing nmethod 0x00000000028d7e90
Event: 76.229 Thread 0x0000000056694800 flushing nmethod 0x00000000028d9d50
Event: 76.229 Thread 0x0000000056694800 flushing nmethod 0x00000000028e4690
Event: 76.229 Thread 0x0000000056694800 flushing nmethod 0x00000000028f2250
Event: 76.229 Thread 0x0000000056694800 flushing nmethod 0x00000000028fa4d0
Event: 76.233 Executing VM operation: ParallelGCFailedAllocation
Event: 76.234 Executing VM operation: ParallelGCFailedAllocation done
Event: 76.263 Thread 0x000000005668f000 flushing nmethod 0x00000000028ff5d0
Event: 76.299 Executing VM operation: ParallelGCFailedAllocation
Event: 76.300 Executing VM operation: ParallelGCFailedAllocation done


Dynamic libraries:
0x000000013f610000 - 0x000000013f647000 	D:\Java\bin\javaw.exe
0x0000000076e10000 - 0x0000000076fb9000 	C:\Windows\SYSTEM32\ntdll.dll
0x0000000076bf0000 - 0x0000000076d0f000 	C:\Windows\system32\kernel32.dll
0x000007fefcfb0000 - 0x000007fefd01b000 	C:\Windows\system32\KERNELBASE.dll
0x000007fefdee0000 - 0x000007fefdfbb000 	C:\Windows\system32\ADVAPI32.dll
0x000007fefd640000 - 0x000007fefd6df000 	C:\Windows\system32\msvcrt.dll
0x000007fefd8e0000 - 0x000007fefd8ff000 	C:\Windows\SYSTEM32\sechost.dll
0x000007fefd1b0000 - 0x000007fefd2dd000 	C:\Windows\system32\RPCRT4.dll
0x0000000076d10000 - 0x0000000076e0a000 	C:\Windows\system32\USER32.dll
0x000007fefd9e0000 - 0x000007fefda47000 	C:\Windows\system32\GDI32.dll
0x000007fefd1a0000 - 0x000007fefd1ae000 	C:\Windows\system32\LPK.dll
0x000007fefd810000 - 0x000007fefd8d9000 	C:\Windows\system32\USP10.dll
0x000007fefbe60000 - 0x000007fefc054000 	C:\Windows\WinSxS\amd64_microsoft.windows.common-controls_6595b64144ccf1df_6.0.7601.17514_none_fa396087175ac9ac\COMCTL32.dll
0x000007fefd120000 - 0x000007fefd191000 	C:\Windows\system32\SHLWAPI.dll
0x000007fefe040000 - 0x000007fefe06e000 	C:\Windows\system32\IMM32.DLL
0x000007fefe220000 - 0x000007fefe329000 	C:\Windows\system32\MSCTF.dll
0x0000000064550000 - 0x0000000064622000 	D:\Java\bin\msvcr100.dll
0x00000000639c0000 - 0x0000000064243000 	D:\Java\bin\server\jvm.dll
0x000007fefb530000 - 0x000007fefb539000 	C:\Windows\system32\WSOCK32.dll
0x000007fefd2e0000 - 0x000007fefd32d000 	C:\Windows\system32\WS2_32.dll
0x000007fefd590000 - 0x000007fefd598000 	C:\Windows\system32\NSI.dll
0x000007fefa860000 - 0x000007fefa89b000 	C:\Windows\system32\WINMM.dll
0x000007fefbb10000 - 0x000007fefbb1c000 	C:\Windows\system32\VERSION.dll
0x0000000076fd0000 - 0x0000000076fd7000 	C:\Windows\system32\PSAPI.DLL
0x0000000073210000 - 0x000000007321f000 	D:\Java\bin\verify.dll
0x0000000073150000 - 0x0000000073179000 	D:\Java\bin\java.dll
0x0000000073190000 - 0x00000000731a6000 	D:\Java\bin\zip.dll
0x000007fefe330000 - 0x000007feff0b8000 	C:\Windows\system32\SHELL32.dll
0x000007fefdc30000 - 0x000007fefde33000 	C:\Windows\system32\ole32.dll
0x000007fefcd10000 - 0x000007fefcd1f000 	C:\Windows\system32\profapi.dll
0x000000006a7a0000 - 0x000000006a938000 	D:\Java\bin\awt.dll
0x000007fefd900000 - 0x000007fefd9d7000 	C:\Windows\system32\OLEAUT32.dll
0x000007fefb2d0000 - 0x000007fefb326000 	C:\Windows\system32\uxtheme.dll
0x000007fefcbe0000 - 0x000007fefcc37000 	C:\Windows\system32\apphelp.dll
0x000007feee5a0000 - 0x000007feee61d000 	C:\Windows\system32\BAIDUCN.IME
0x000007fefcbb0000 - 0x000007fefcbd5000 	C:\Windows\system32\SspiCli.dll
0x000007fefaf30000 - 0x000007fefaf48000 	C:\Windows\system32\dwmapi.dll
0x000007fefcc40000 - 0x000007fefcc4f000 	C:\Windows\system32\CRYPTBASE.dll
0x0000000073090000 - 0x00000000730d7000 	D:\Java\bin\fontmanager.dll
0x000007fefde40000 - 0x000007fefded9000 	C:\Windows\system32\CLBCatQ.DLL
0x000007fefae00000 - 0x000007fefaf2a000 	C:\Windows\system32\WindowsCodecs.dll
0x000007feed4c0000 - 0x000007feed6fd000 	D:\Office\Office15\GROOVEEX.DLL
0x000000006eb20000 - 0x000000006ebb8000 	C:\Windows\system32\MSVCP100.dll
0x000000006ebc0000 - 0x000000006ebeb000 	C:\Windows\system32\ATL100.DLL
0x000007feed1a0000 - 0x000007feed4bd000 	C:\Windows\system32\msi.dll
0x000007feec440000 - 0x000007feecc9d000 	D:\Office\Office15\2052\GrooveIntlResource.dll
0x0000000180000000 - 0x0000000180075000 	d:\QQPCMgr\11.4.17347.218\QMGCShellExt64.dll
0x000000006d280000 - 0x000000006d389000 	C:\Windows\WinSxS\amd64_microsoft.vc80.crt_1fc8b3b9a1e18e3b_8.0.50727.6229_none_88dcc0bf2fb1b808\MSVCP80.dll
0x000000006dad0000 - 0x000000006db99000 	C:\Windows\WinSxS\amd64_microsoft.vc80.crt_1fc8b3b9a1e18e3b_8.0.50727.6229_none_88dcc0bf2fb1b808\MSVCR80.dll
0x000007feec390000 - 0x000007feec439000 	d:\QQPCMgr\11.4.17347.218\exnscan64.dll
0x000007fefce00000 - 0x000007fefcf67000 	C:\Windows\system32\CRYPT32.dll
0x000007fefcdb0000 - 0x000007fefcdbf000 	C:\Windows\system32\MSASN1.dll
0x000007fefa090000 - 0x000007fefa0a6000 	C:\Windows\system32\NETAPI32.dll
0x000007fefa080000 - 0x000007fefa08c000 	C:\Windows\system32\netutils.dll
0x000007fefc880000 - 0x000007fefc8a3000 	C:\Windows\system32\srvcli.dll
0x000007fefa060000 - 0x000007fefa075000 	C:\Windows\system32\wkscli.dll
0x000007fefaaa0000 - 0x000007fefaac7000 	C:\Windows\system32\iphlpapi.dll
0x000007fefaa80000 - 0x000007fefaa8b000 	C:\Windows\system32\WINNSI.DLL
0x000007feec2f0000 - 0x000007feec325000 	C:\Windows\system32\EhStorShell.dll
0x000007fefda50000 - 0x000007fefdc27000 	C:\Windows\system32\SETUPAPI.dll
0x000007fefcdc0000 - 0x000007fefcdf6000 	C:\Windows\system32\CFGMGR32.dll
0x000007fefd100000 - 0x000007fefd11a000 	C:\Windows\system32\DEVOBJ.dll
0x000007fefb380000 - 0x000007fefb4ac000 	C:\Windows\system32\PROPSYS.dll
0x000007feec270000 - 0x000007feec2ee000 	C:\Windows\System32\cscui.dll
0x000007feec260000 - 0x000007feec26c000 	C:\Windows\System32\CSCDLL.dll
0x000007fef0160000 - 0x000007fef016f000 	C:\Windows\system32\CSCAPI.dll
0x000007feec1e0000 - 0x000007feec260000 	C:\Windows\system32\ntshrui.dll
0x000007fefacb0000 - 0x000007fefacbb000 	C:\Windows\system32\slc.dll
0x0000000073130000 - 0x000000007314a000 	D:\Java\bin\net.dll
0x000007fefc580000 - 0x000007fefc5d5000 	C:\Windows\system32\mswsock.dll
0x000007fefc570000 - 0x000007fefc577000 	C:\Windows\System32\wship6.dll
0x0000000073110000 - 0x0000000073121000 	D:\Java\bin\nio.dll
0x0000000073040000 - 0x0000000073081000 	D:\Java\bin\t2k.dll
0x000007feebec0000 - 0x000007feec1c2000 	d:\Baidu\BaiduPinyin\3.3.2.1149\UIPFullx64.dll
0x000007fef9a20000 - 0x000007fef9a74000 	C:\Windows\system32\OLEACC.dll
0x000007fefb0b0000 - 0x000007fefb2c6000 	C:\Windows\WinSxS\amd64_microsoft.windows.gdiplus_6595b64144ccf1df_1.1.7601.19054_none_2b28591471e9a18f\gdiplus.dll
0x000007fefc060000 - 0x000007fefc067000 	C:\Windows\system32\MSIMG32.dll
0x000007feebdd0000 - 0x000007feebebf000 	d:\Baidu\BaiduPinyin\3.3.2.1149\imefreetypex64.dll
0x000007feebd70000 - 0x000007feebdc9000 	d:\Baidu\BaiduPinyin\3.3.2.1149\imepngx64.dll
0x000007feebd30000 - 0x000007feebd6a000 	d:\Baidu\BaiduPinyin\3.3.2.1149\imezlibx64.dll
0x000007fefb4f0000 - 0x000007fefb51d000 	C:\Windows\system32\ntmarta.dll
0x000007feff0c0000 - 0x000007feff112000 	C:\Windows\system32\WLDAP32.dll
0x000007fee0ab0000 - 0x000007fee0bd5000 	C:\Windows\system32\dbghelp.dll

VM Arguments:
jvm_args: -Dfile.encoding=UTF-8 
java_command: form.InputDataForm
java_class_path (initial): E:\java\genetics1\bin;E:\java\genetics1\lib\forms-1.1.0.jar
Launcher Type: SUN_STANDARD

Environment Variables:
JAVA_HOME=D:\Java\jdk1.8.0_40
PATH=D:/Java/bin/server;D:/Java/bin;D:/Java/lib/amd64;C:\ProgramData\Oracle\Java\javapath;C:\Windows\system32;C:\Windows;C:\Windows\System32\Wbem;C:\Windows\System32\WindowsPowerShell\v1.0\;D:\Bluetooth Software\;D:\Bluetooth Software\syswow64;D:\Java\jdk1.8.0_40;C:\Program Files\Microsoft SQL Server\110\DTS\Binn\;C:\Program Files (x86)\Microsoft SQL Server\110\Tools\Binn\;C:\Program Files\Microsoft SQL Server\110\Tools\Binn\;C:\Program Files (x86)\Microsoft SQL Server\110\Tools\Binn\ManagementStudio\;C:\Program Files (x86)\Microsoft Visual Studio 10.0\Common7\IDE\PrivateAssemblies\;C:\Program Files (x86)\Microsoft SQL Server\110\DTS\Binn\;D:\Java\bin;D:\Android\AndroidStudio\sdk\platform-tools;C:\Program Files (x86)\Windows Kits\8.1\Windows Performance Toolkit\;C:\Program Files (x86)\Microsoft SDKs\TypeScript\1.0\;C:\Program Files\Microsoft SQL Server\120\Tools\Binn\;D:\eclipse;
USERNAME=baixinping
OS=Windows_NT
PROCESSOR_IDENTIFIER=Intel64 Family 6 Model 61 Stepping 4, GenuineIntel



---------------  S Y S T E M  ---------------

OS: Windows 7 , 64 bit Build 7601 (6.1.7601.17514)

CPU:total 4 (2 cores per cpu, 2 threads per core) family 6 model 61 stepping 4, cmov, cx8, fxsr, mmx, sse, sse2, sse3, ssse3, sse4.1, sse4.2, popcnt, avx, avx2, aes, clmul, erms, 3dnowpref, lzcnt, ht, tsc, tscinvbit, bmi1, bmi2, adx

Memory: 4k page, physical 4111796k(270468k free), swap 16445340k(5132k free)

vm_info: Java HotSpot(TM) 64-Bit Server VM (25.40-b25) for windows-amd64 JRE (1.8.0_40-b25), built on Feb 10 2015 21:53:57 by "java_re" with MS VC++ 10.0 (VS2010)

time: Thu May 26 00:50:27 2016
elapsed time: 76 seconds (0d 0h 1m 16s)

